<?xml version="1.0" encoding="UTF-8"?>
<!-- Generated by org.testng.reporters.JUnitReportReporter -->
<testsuite hostname="CIN10145L" failures="0" tests="1" name="com.yourcompany.YourSeleniumTest" time="15.331" errors="0" timestamp="2024-09-17T19:25:34 IST" skipped="0">
  <testcase classname="com.yourcompany.YourSeleniumTest" name="setUp" time="15.331"/>
  <system-out/>
</testsuite> <!-- com.yourcompany.YourSeleniumTest -->
